<?xml version="1.0" encoding="UTF-8"?>
<!-- Generated by org.testng.reporters.JUnitXMLReporter -->
<testsuite hostname="DESKTOP-MSKJV0O" ignored="1" name="Default test" tests="14" failures="0" timestamp="21 Apr 2021 07:23:24 GMT" time="0.266" errors="0">
  <testcase name="@BeforeMethod beforemethod" time="0.0" classname="com.opencart.testscripts.OpenCartTestscripts">
    <failure type="org.testng.TestNGException" message="
Parameter &amp;apos;browser&amp;apos; is required by BeforeMethod on method beforemethod but has not been marked @Optional or defined
in C:\Users\Amit\AppData\Local\Temp\testng-eclipse--1322310530\testng-customsuite.xml">
      <![CDATA[org.testng.TestNGException: 
Parameter 'browser' is required by BeforeMethod on method beforemethod but has not been marked @Optional or defined
in C:\Users\Amit\AppData\Local\Temp\testng-eclipse--1322310530\testng-customsuite.xml
at org.testng.internal.Parameters.createParams(Parameters.java:290)
at org.testng.internal.Parameters.createParametersForMethod(Parameters.java:359)
at org.testng.internal.Parameters.createParameters(Parameters.java:620)
at org.testng.internal.Parameters.createConfigurationParameters(Parameters.java:190)
at org.testng.internal.Invoker.invokeConfigurations(Invoker.java:209)
at org.testng.internal.Invoker.invokeMethod(Invoker.java:520)
at org.testng.internal.Invoker.invokeTestMethod(Invoker.java:716)
at org.testng.internal.Invoker.invokeTestMethods(Invoker.java:988)
at org.testng.internal.TestMethodWorker.invokeTestMethods(TestMethodWorker.java:125)
at org.testng.internal.TestMethodWorker.run(TestMethodWorker.java:109)
at org.testng.TestRunner.privateRun(TestRunner.java:648)
at org.testng.TestRunner.run(TestRunner.java:505)
at org.testng.SuiteRunner.runTest(SuiteRunner.java:455)
at org.testng.SuiteRunner.runSequentially(SuiteRunner.java:450)
at org.testng.SuiteRunner.privateRun(SuiteRunner.java:415)
at org.testng.SuiteRunner.run(SuiteRunner.java:364)
at org.testng.SuiteRunnerWorker.runSuite(SuiteRunnerWorker.java:52)
at org.testng.SuiteRunnerWorker.run(SuiteRunnerWorker.java:84)
at org.testng.TestNG.runSuitesSequentially(TestNG.java:1208)
at org.testng.TestNG.runSuitesLocally(TestNG.java:1137)
at org.testng.TestNG.runSuites(TestNG.java:1049)
at org.testng.TestNG.run(TestNG.java:1017)
at org.testng.remote.AbstractRemoteTestNG.run(AbstractRemoteTestNG.java:114)
at org.testng.remote.RemoteTestNG.initAndRun(RemoteTestNG.java:251)
at org.testng.remote.RemoteTestNG.main(RemoteTestNG.java:77)
]]>
    </failure>
  </testcase> <!-- @BeforeMethod beforemethod -->
  <testcase name="@AfterMethod aftermethod" time="0.0" classname="com.opencart.testscripts.OpenCartTestscripts">
    <skipped/>
  </testcase> <!-- @AfterMethod aftermethod -->
  <testcase name="@BeforeMethod beforemethod" time="0.0" classname="com.opencart.testscripts.OpenCartTestscripts">
    <skipped/>
  </testcase> <!-- @BeforeMethod beforemethod -->
  <testcase name="@AfterMethod aftermethod" time="0.0" classname="com.opencart.testscripts.OpenCartTestscripts">
    <skipped/>
  </testcase> <!-- @AfterMethod aftermethod -->
  <testcase name="@BeforeMethod beforemethod" time="0.0" classname="com.opencart.testscripts.OpenCartTestscripts">
    <skipped/>
  </testcase> <!-- @BeforeMethod beforemethod -->
  <testcase name="@AfterMethod aftermethod" time="0.0" classname="com.opencart.testscripts.OpenCartTestscripts">
    <skipped/>
  </testcase> <!-- @AfterMethod aftermethod -->
  <testcase name="@BeforeMethod beforemethod" time="0.0" classname="com.opencart.testscripts.OpenCartTestscripts">
    <skipped/>
  </testcase> <!-- @BeforeMethod beforemethod -->
  <testcase name="@AfterMethod aftermethod" time="0.0" classname="com.opencart.testscripts.OpenCartTestscripts">
    <skipped/>
  </testcase> <!-- @AfterMethod aftermethod -->
  <testcase name="@BeforeMethod beforemethod" time="0.0" classname="com.opencart.testscripts.OpenCartTestscripts">
    <skipped/>
  </testcase> <!-- @BeforeMethod beforemethod -->
  <testcase name="@AfterMethod aftermethod" time="0.0" classname="com.opencart.testscripts.OpenCartTestscripts">
    <skipped/>
  </testcase> <!-- @AfterMethod aftermethod -->
  <testcase name="@BeforeMethod beforemethod" time="0.0" classname="com.opencart.testscripts.OpenCartTestscripts">
    <skipped/>
  </testcase> <!-- @BeforeMethod beforemethod -->
  <testcase name="@AfterMethod aftermethod" time="0.0" classname="com.opencart.testscripts.OpenCartTestscripts">
    <skipped/>
  </testcase> <!-- @AfterMethod aftermethod -->
  <testcase name="@BeforeMethod beforemethod" time="0.0" classname="com.opencart.testscripts.OpenCartTestscripts">
    <skipped/>
  </testcase> <!-- @BeforeMethod beforemethod -->
  <testcase name="@AfterMethod aftermethod" time="0.0" classname="com.opencart.testscripts.OpenCartTestscripts">
    <skipped/>
  </testcase> <!-- @AfterMethod aftermethod -->
  <testcase name="@BeforeMethod beforemethod" time="0.0" classname="com.opencart.testscripts.OpenCartTestscripts">
    <skipped/>
  </testcase> <!-- @BeforeMethod beforemethod -->
  <testcase name="@AfterMethod aftermethod" time="0.0" classname="com.opencart.testscripts.OpenCartTestscripts">
    <skipped/>
  </testcase> <!-- @AfterMethod aftermethod -->
  <testcase name="@BeforeMethod beforemethod" time="0.0" classname="com.opencart.testscripts.OpenCartTestscripts">
    <skipped/>
  </testcase> <!-- @BeforeMethod beforemethod -->
  <testcase name="@AfterMethod aftermethod" time="0.0" classname="com.opencart.testscripts.OpenCartTestscripts">
    <skipped/>
  </testcase> <!-- @AfterMethod aftermethod -->
  <testcase name="@BeforeMethod beforemethod" time="0.0" classname="com.opencart.testscripts.OpenCartTestscripts">
    <skipped/>
  </testcase> <!-- @BeforeMethod beforemethod -->
  <testcase name="@AfterMethod aftermethod" time="0.0" classname="com.opencart.testscripts.OpenCartTestscripts">
    <skipped/>
  </testcase> <!-- @AfterMethod aftermethod -->
  <testcase name="@BeforeMethod beforemethod" time="0.0" classname="com.opencart.testscripts.OpenCartTestscripts">
    <skipped/>
  </testcase> <!-- @BeforeMethod beforemethod -->
  <testcase name="@AfterMethod aftermethod" time="0.0" classname="com.opencart.testscripts.OpenCartTestscripts">
    <skipped/>
  </testcase> <!-- @AfterMethod aftermethod -->
  <testcase name="@BeforeMethod beforemethod" time="0.0" classname="com.opencart.testscripts.OpenCartTestscripts">
    <skipped/>
  </testcase> <!-- @BeforeMethod beforemethod -->
  <testcase name="@AfterMethod aftermethod" time="0.0" classname="com.opencart.testscripts.OpenCartTestscripts">
    <skipped/>
  </testcase> <!-- @AfterMethod aftermethod -->
  <testcase name="@BeforeMethod beforemethod" time="0.0" classname="com.opencart.testscripts.OpenCartTestscripts">
    <skipped/>
  </testcase> <!-- @BeforeMethod beforemethod -->
  <testcase name="@AfterMethod aftermethod" time="0.0" classname="com.opencart.testscripts.OpenCartTestscripts">
    <skipped/>
  </testcase> <!-- @AfterMethod aftermethod -->
  <testcase name="@BeforeMethod beforemethod" time="0.0" classname="com.opencart.testscripts.OpenCartTestscripts">
    <skipped/>
  </testcase> <!-- @BeforeMethod beforemethod -->
  <testcase name="@AfterMethod aftermethod" time="0.0" classname="com.opencart.testscripts.OpenCartTestscripts">
    <skipped/>
  </testcase> <!-- @AfterMethod aftermethod -->
  <testcase name="registerAccount" time="0.0" classname="com.opencart.testscripts.OpenCartTestscripts">
    <skipped/>
  </testcase> <!-- registerAccount -->
  <testcase name="registerAccountFailure" time="0.0" classname="com.opencart.testscripts.OpenCartTestscripts">
    <skipped/>
  </testcase> <!-- registerAccountFailure -->
  <testcase name="login" time="0.0" classname="com.opencart.testscripts.OpenCartTestscripts">
    <skipped/>
  </testcase> <!-- login -->
  <testcase name="verifyTitle" time="0.0" classname="com.opencart.testscripts.OpenCartTestscripts">
    <skipped/>
  </testcase> <!-- verifyTitle -->
  <testcase name="addToCart" time="0.0" classname="com.opencart.testscripts.OpenCartTestscripts">
    <skipped/>
  </testcase> <!-- addToCart -->
  <testcase name="editLastName" time="0.0" classname="com.opencart.testscripts.OpenCartTestscripts">
    <skipped/>
  </testcase> <!-- editLastName -->
  <testcase name="orderPlacementWithGuest" time="0.0" classname="com.opencart.testscripts.OpenCartTestscripts">
    <skipped/>
  </testcase> <!-- orderPlacementWithGuest -->
  <testcase name="orderPlacementWithRegister" time="0.0" classname="com.opencart.testscripts.OpenCartTestscripts">
    <skipped/>
  </testcase> <!-- orderPlacementWithRegister -->
  <testcase name="productAvailabitlyInCart" time="0.0" classname="com.opencart.testscripts.OpenCartTestscripts">
    <skipped/>
  </testcase> <!-- productAvailabitlyInCart -->
  <testcase name="removeProductFromCart" time="0.0" classname="com.opencart.testscripts.OpenCartTestscripts">
    <skipped/>
  </testcase> <!-- removeProductFromCart -->
  <testcase name="applyCouponCode" time="0.0" classname="com.opencart.testscripts.OpenCartTestscripts">
    <skipped/>
  </testcase> <!-- applyCouponCode -->
  <testcase name="emptyCouponCode" time="0.0" classname="com.opencart.testscripts.OpenCartTestscripts">
    <skipped/>
  </testcase> <!-- emptyCouponCode -->
  <testcase name="whishListTest" time="0.0" classname="com.opencart.testscripts.OpenCartTestscripts">
    <skipped/>
  </testcase> <!-- whishListTest -->
  <testcase name="orderHistory" time="0.0" classname="com.opencart.testscripts.OpenCartTestscripts">
    <skipped/>
  </testcase> <!-- orderHistory -->
  <testcase name="uploadFile" time="0.0" classname="com.opencart.testscripts.OpenCartTestscripts">
    <ignored/>
  </testcase> <!-- uploadFile -->
</testsuite> <!-- Default test -->
