<?xml version="1.0" encoding="UTF-8"?>
<!-- Generated by org.testng.reporters.JUnitXMLReporter -->
<testsuite hostname="user-PC" name="Test" tests="1" failures="0" timestamp="19 Apr 2021 04:50:27 GMT" time="56.515" errors="0">
  <testcase name="@BeforeMethod beforemethod" time="0.0" classname="com.opencart.testscripts.OpenCartTestscripts">
    <failure type="java.lang.NullPointerException">
      <![CDATA[java.lang.NullPointerException
	at com.opencart.constants.ReadExcel.getRowCountInSheet(ReadExcel.java:45)
	at com.opencart.testscripts.OpenCartTestscripts.beforemethod(OpenCartTestscripts.java:44)
... Removed 26 stack frames]]>
    </failure>
  </testcase> <!-- @BeforeMethod beforemethod -->
  <testcase name="@AfterMethod aftermethod" time="0.0" classname="com.opencart.testscripts.OpenCartTestscripts">
    <skipped/>
  </testcase> <!-- @AfterMethod aftermethod -->
  <testcase name="TC_Lumens_001" time="1.373" classname="com.opencart.testscripts.OpenCartTestscripts">
    <skipped/>
  </testcase> <!-- TC_Lumens_001 -->
</testsuite> <!-- Test -->
